<?xml version="1.0" encoding="UTF-8"?>
<testsuite name="com.daimler.sechub.model.FileLocationExplorerTest" tests="6" skipped="0" failures="0" errors="0" timestamp="2020-09-28T10:07:15" hostname="devtux" time="0.05">
  <properties/>
  <testcase name="scenario1_projects_TestMe_c_found" classname="com.daimler.sechub.model.FileLocationExplorerTest" time="0.03"/>
  <testcase name="scenario1_projects_TestMe_java_found" classname="com.daimler.sechub.model.FileLocationExplorerTest" time="0.004"/>
  <testcase name="scenario1_projects_source_TestMe_c_found" classname="com.daimler.sechub.model.FileLocationExplorerTest" time="0.004"/>
  <testcase name="scenario1_projects_com_example_TestMe_java_found" classname="com.daimler.sechub.model.FileLocationExplorerTest" time="0.003"/>
  <testcase name="scenario1_projects_SameName_java_found" classname="com.daimler.sechub.model.FileLocationExplorerTest" time="0.003"/>
  <testcase name="scenario1_projects_example_TestMe_java_found" classname="com.daimler.sechub.model.FileLocationExplorerTest" time="0.003"/>
  <system-out><![CDATA[]]></system-out>
  <system-err><![CDATA[]]></system-err>
</testsuite>
