<?xml version="1.0" encoding="UTF-8"?>
<testsuite name="com.daimler.sechub.model.FindingNodeBuilderTest" tests="5" skipped="0" failures="0" errors="0" timestamp="2020-09-28T10:07:15" hostname="devtux" time="0.008">
  <properties/>
  <testcase name="slash_location1_has_empty__as_filepath_and_as_filename_location1" classname="com.daimler.sechub.model.FindingNodeBuilderTest" time="0.004"/>
  <testcase name="null_has_null_filepath_and_also_null_filename" classname="com.daimler.sechub.model.FindingNodeBuilderTest" time="0.0"/>
  <testcase name="a_slash_b_slash_location1_has_a_slash_b_as_filepath_and_as_filename_location1" classname="com.daimler.sechub.model.FindingNodeBuilderTest" time="0.0"/>
  <testcase name="slash_a_slash_b_slash_has_slash_a_slash_b_as_file_path_but_empty_filename" classname="com.daimler.sechub.model.FindingNodeBuilderTest" time="0.0"/>
  <testcase name="location1_has_empty_filepath_and_as_filename_location1" classname="com.daimler.sechub.model.FindingNodeBuilderTest" time="0.0"/>
  <system-out><![CDATA[]]></system-out>
  <system-err><![CDATA[]]></system-err>
</testsuite>
